Unity Editor version:    2021.3.10f1 (1c7d0df0160b)
Branch:                  2021.3/staging
Build type:              Release
Batch mode:              YES
macOS version:           Version 11.5.2 (Build 20G95)
Darwin version:          20.6.0
Architecture:            x86_64
Running under Rosetta:   NO
Available memory:        32768 MB
Using pre-set license
Pro License: YES

COMMAND LINE ARGUMENTS:
/Applications/Unity/Hub/Editor/2021.3.10f1/Unity.app/Contents/MacOS/Unity
-adb2
-batchMode
-noUpm
-name
AssetImportWorker0
-projectPath
/Users/nuno.moreira/Miniclip/hackathon/2023/project-hero/project-hero/project-hero
-logFile
Logs/AssetImportWorker0.log
-srvPort
59894
Successfully changed project path to: /Users/nuno.moreira/Miniclip/hackathon/2023/project-hero/project-hero/project-hero
/Users/nuno.moreira/Miniclip/hackathon/2023/project-hero/project-hero/project-hero
[UnityMemory] Configuration Parameters - Can be set up in boot.config
    "memorysetup-bucket-allocator-granularity=16"
    "memorysetup-bucket-allocator-bucket-count=8"
    "memorysetup-bucket-allocator-block-size=33554432"
    "memorysetup-bucket-allocator-block-count=8"
    "memorysetup-main-allocator-block-size=16777216"
    "memorysetup-thread-allocator-block-size=16777216"
    "memorysetup-gfx-main-allocator-block-size=16777216"
    "memorysetup-gfx-thread-allocator-block-size=16777216"
    "memorysetup-cache-allocator-block-size=4194304"
    "memorysetup-typetree-allocator-block-size=2097152"
    "memorysetup-profiler-bucket-allocator-granularity=16"
    "memorysetup-profiler-bucket-allocator-bucket-count=8"
    "memorysetup-profiler-bucket-allocator-block-size=33554432"
    "memorysetup-profiler-bucket-allocator-block-count=8"
    "memorysetup-profiler-allocator-block-size=16777216"
    "memorysetup-profiler-editor-allocator-block-size=1048576"
    "memorysetup-temp-allocator-size-main=16777216"
    "memorysetup-job-temp-allocator-block-size=2097152"
    "memorysetup-job-temp-allocator-block-size-background=1048576"
    "memorysetup-job-temp-allocator-reduction-small-platforms=262144"
    "memorysetup-temp-allocator-size-background-worker=32768"
    "memorysetup-temp-allocator-size-job-worker=262144"
    "memorysetup-temp-allocator-size-preload-manager=33554432"
    "memorysetup-temp-allocator-size-nav-mesh-worker=65536"
    "memorysetup-temp-allocator-size-audio-worker=65536"
    "memorysetup-temp-allocator-size-cloud-worker=32768"
    "memorysetup-temp-allocator-size-gi-baking-worker=262144"
    "memorysetup-temp-allocator-size-gfx=262144"
Refreshing native plugins compatible for Editor in 119.16 ms, found 3 plugins.
Preloading 0 native plugins for Editor in 0.00 ms.
Initialize engine version: 2021.3.10f1 (1c7d0df0160b)
[Subsystems] Discovering subsystems at path /Applications/Unity/Hub/Editor/2021.3.10f1/Unity.app/Contents/Resources/UnitySubsystems
[Subsystems] Discovering subsystems at path /Users/nuno.moreira/Miniclip/hackathon/2023/project-hero/project-hero/project-hero/Assets
GfxDevice: creating device client; threaded=0; jobified=0
LS34A650U preferred device: AMD Radeon Pro 5300M (high power)
Metal devices available: 2
0: AMD Radeon Pro 5300M (high power)
1: Intel(R) UHD Graphics 630 (low power)
Forcing user selected device: AMD Radeon Pro 5300M (high power)
Initializing Metal device caps: AMD Radeon Pro 5300M
Initialize mono
Mono path[0] = '/Applications/Unity/Hub/Editor/2021.3.10f1/Unity.app/Contents/Managed'
Mono path[1] = '/Applications/Unity/Hub/Editor/2021.3.10f1/Unity.app/Contents/MonoBleedingEdge/lib/mono/unityjit-macos'
Mono config path = '/Applications/Unity/Hub/Editor/2021.3.10f1/Unity.app/Contents/MonoBleedingEdge/etc'
Using monoOptions --debugger-agent=transport=dt_socket,embedding=1,server=y,suspend=n,address=127.0.0.1:56938
Begin MonoManager ReloadAssembly
Registering precompiled unity dll's ...
Register platform support module: /Applications/Unity/Hub/Editor/2021.3.10f1/Unity.app/Contents/PlaybackEngines/MacStandaloneSupport/UnityEditor.OSXStandalone.Extensions.dll
Register platform support module: /Applications/Unity/Hub/Editor/2021.3.10f1/PlaybackEngines/AndroidPlayer/UnityEditor.Android.Extensions.dll
Register platform support module: /Applications/Unity/Hub/Editor/2021.3.10f1/PlaybackEngines/iOSSupport/UnityEditor.iOS.Extensions.dll
Registered in 0.001908 seconds.
[usbmuxd] Start listen thread
[usbmuxd] Listen thread started
[usbmuxd] Send listen message
Native extension for iOS target not found
Native extension for Android target not found
Native extension for OSXStandalone target not found
Refreshing native plugins compatible for Editor in 119.74 ms, found 3 plugins.
Preloading 0 native plugins for Editor in 0.00 ms.
Mono: successfully reloaded assembly
- Completed reload, in  0.971 seconds
Domain Reload Profiling:
	ReloadAssembly (971ms)
		BeginReloadAssembly (85ms)
			ExecutionOrderSort (0ms)
			DisableScriptedObjects (0ms)
			BackupInstance (0ms)
			ReleaseScriptingObjects (0ms)
			CreateAndSetChildDomain (1ms)
		EndReloadAssembly (732ms)
			LoadAssemblies (85ms)
			RebuildTransferFunctionScriptingTraits (0ms)
			SetupTypeCache (168ms)
			ReleaseScriptCaches (0ms)
			RebuildScriptCaches (45ms)
			SetupLoadedEditorAssemblies (449ms)
				LogAssemblyErrors (0ms)
				InitializePlatformSupportModulesInManaged (125ms)
				SetLoadedEditorAssemblies (0ms)
				RefreshPlugins (120ms)
				BeforeProcessingInitializeOnLoad (2ms)
				ProcessInitializeOnLoadAttributes (135ms)
				ProcessInitializeOnLoadMethodAttributes (66ms)
				AfterProcessingInitializeOnLoad (0ms)
				EditorAssembliesLoaded (0ms)
			ExecutionOrderSort2 (0ms)
			AwakeInstancesAfterBackupRestoration (0ms)
Platform modules already initialized, skipping
Registering precompiled user dll's ...
Registered in 0.004787 seconds.
Begin MonoManager ReloadAssembly
Symbol file LoadedFromMemory doesn't match image /Users/nuno.moreira/Miniclip/hackathon/2023/project-hero/project-hero/project-hero/Library/PackageCache/com.unity.visualscripting@1.7.8/Editor/VisualScripting.Core/Dependencies/YamlDotNet/Unity.VisualScripting.YamlDotNet.dll
Symbol file LoadedFromMemory doesn't match image /Users/nuno.moreira/Miniclip/hackathon/2023/project-hero/project-hero/project-hero/Library/PackageCache/com.unity.visualscripting@1.7.8/Editor/VisualScripting.Core/Dependencies/DotNetZip/Unity.VisualScripting.IonicZip.dll
Native extension for iOS target not found
Native extension for Android target not found
Native extension for OSXStandalone target not found
Refreshing native plugins compatible for Editor in 112.10 ms, found 3 plugins.
Preloading 0 native plugins for Editor in 0.00 ms.
Mono: successfully reloaded assembly
Package Manager log level set to [2]
- Completed reload, in  1.814 seconds
Domain Reload Profiling:
	ReloadAssembly (1815ms)
		BeginReloadAssembly (273ms)
			ExecutionOrderSort (0ms)
			DisableScriptedObjects (8ms)
			BackupInstance (0ms)
			ReleaseScriptingObjects (0ms)
			CreateAndSetChildDomain (144ms)
		EndReloadAssembly (1376ms)
			LoadAssemblies (118ms)
			RebuildTransferFunctionScriptingTraits (1ms)
			SetupTypeCache (404ms)
			ReleaseScriptCaches (6ms)
			RebuildScriptCaches (91ms)
			SetupLoadedEditorAssemblies (685ms)
				LogAssemblyErrors (0ms)
				InitializePlatformSupportModulesInManaged (35ms)
				SetLoadedEditorAssemblies (0ms)
				RefreshPlugins (112ms)
				BeforeProcessingInitializeOnLoad (132ms)
				ProcessInitializeOnLoadAttributes (360ms)
				ProcessInitializeOnLoadMethodAttributes (43ms)
				AfterProcessingInitializeOnLoad (2ms)
				EditorAssembliesLoaded (0ms)
			ExecutionOrderSort2 (0ms)
			AwakeInstancesAfterBackupRestoration (5ms)
Platform modules already initialized, skipping
========================================================================
Worker process is ready to serve import requests
Launching external process: /Applications/Unity/Hub/Editor/2021.3.10f1/Unity.app/Contents/Tools/UnityShaderCompiler
Launched and connected shader compiler UnityShaderCompiler after 0.02 seconds
Refreshing native plugins compatible for Editor in 0.79 ms, found 3 plugins.
Preloading 0 native plugins for Editor in 0.00 ms.
Unloading 4493 Unused Serialized files (Serialized files now loaded: 0)
Unloading 44 unused Assets / (73.6 KB). Loaded Objects now: 4936.
Memory consumption went from 268.3 MB to 268.3 MB.
Total: 4.706139 ms (FindLiveObjects: 0.610776 ms CreateObjectMapping: 0.384195 ms MarkObjects: 3.571005 ms  DeleteObjects: 0.139097 ms)

AssetImportParameters requested are different than current active one (requested -> active):
  custom:video-decoder-ogg-theora: a1e56fd34408186e4bbccfd4996cb3dc -> 
  custom:container-muxer-webm: aa71ff27fc2769a1b78a27578f13a17b -> 
  custom:container-demuxer-webm: 4f35f7cbe854078d1ac9338744f61a02 -> 
  custom:video-encoder-webm-vp8: eb34c28f22e8b96e1ab97ce403110664 -> 
  custom:framework-osx-AVFoundation: e770b220cccbd017edd2c1fefb359320 -> 
  custom:audio-encoder-webm-vorbis: bf7c407c2cedff20999df2af8eb42d56 -> 
  custom:container-demuxer-ogg: 62fdf1f143b41e24485cea50d1cbac27 -> 
  custom:video-decoder-webm-vp8: 9c59270c3fd7afecdb556c50c9e8de78 -> 
  custom:audio-decoder-ogg-vorbis: bf7c407c2cedff20999df2af8eb42d56 -> 
========================================================================
Received Import Request.
  Time since last request: 127843.494392 seconds.
  path: Assets/Model/char01.prefab
  artifactKey: Guid(5cf96965dc1f340f0a25400391eeb5dc) Importer(815301076,1909f56bfc062723c751e8b465ee728b)
Start importing Assets/Model/char01.prefab using Guid(5cf96965dc1f340f0a25400391eeb5dc) Importer(815301076,1909f56bfc062723c751e8b465ee728b)  -> (artifact id: '9ecab044f29d8cc85004356c590f424b') in 1.716512 seconds 
========================================================================
Received Import Request.
  Time since last request: 101.260802 seconds.
  path: Assets/Model/FBX 1
  artifactKey: Guid(7128bf715ae6e44a7922aaedb9a83383) Importer(815301076,1909f56bfc062723c751e8b465ee728b)
Start importing Assets/Model/FBX 1 using Guid(7128bf715ae6e44a7922aaedb9a83383) Importer(815301076,1909f56bfc062723c751e8b465ee728b)  -> (artifact id: '18aad56a3d447b2d106d0235151e6045') in 0.001390 seconds 
========================================================================
Received Import Request.
  Time since last request: 51.338293 seconds.
  path: Assets/Model/char01.Textures
  artifactKey: Guid(b647c7646dd684fc7a2be9a5721308da) Importer(815301076,1909f56bfc062723c751e8b465ee728b)
Start importing Assets/Model/char01.Textures using Guid(b647c7646dd684fc7a2be9a5721308da) Importer(815301076,1909f56bfc062723c751e8b465ee728b)  -> (artifact id: '340fb237547e569b2244267b989b6a0a') in 0.001350 seconds 
========================================================================
Received Import Request.
  Time since last request: 12.366849 seconds.
  path: Assets/Model/char01.AvatarDescription/AvatarDescription.asset
  artifactKey: Guid(ea4edc8ac28184572a2c7549ebb92eb5) Importer(815301076,1909f56bfc062723c751e8b465ee728b)
Start importing Assets/Model/char01.AvatarDescription/AvatarDescription.asset using Guid(ea4edc8ac28184572a2c7549ebb92eb5) Importer(815301076,1909f56bfc062723c751e8b465ee728b)  -> (artifact id: 'ea56e7ad46166f20b4acd42124e8a496') in 0.333396 seconds 
========================================================================
Received Import Request.
  Time since last request: 655.905031 seconds.
  path: Assets/Model/FBX/Drop Kick.fbx
  artifactKey: Guid(3b6d9ffc936114eb7888b6238c4a0497) Importer(815301076,1909f56bfc062723c751e8b465ee728b)
Start importing Assets/Model/FBX/Drop Kick.fbx using Guid(3b6d9ffc936114eb7888b6238c4a0497) Importer(815301076,1909f56bfc062723c751e8b465ee728b)  -> (artifact id: '8ce475b2eb7678516bf43932931f4bc4') in 1.252738 seconds 
========================================================================
Received Import Request.
  Time since last request: 214.923329 seconds.
  path: Assets/Model/FBX/Reaction.fbx
  artifactKey: Guid(ce959213f66224601b7fc496e99d6856) Importer(815301076,1909f56bfc062723c751e8b465ee728b)
Start importing Assets/Model/FBX/Reaction.fbx using Guid(ce959213f66224601b7fc496e99d6856) Importer(815301076,1909f56bfc062723c751e8b465ee728b)  -> (artifact id: 'd953a95917482e62de32717f9c349702') in 0.213294 seconds 
========================================================================
Received Import Request.
  Time since last request: 39.762228 seconds.
  path: Assets/Model/FBX/Drop Kick.fbx
  artifactKey: Guid(3b6d9ffc936114eb7888b6238c4a0497) Importer(815301076,1909f56bfc062723c751e8b465ee728b)
Start importing Assets/Model/FBX/Drop Kick.fbx using Guid(3b6d9ffc936114eb7888b6238c4a0497) Importer(815301076,1909f56bfc062723c751e8b465ee728b)  -> (artifact id: '88d67acb613c8cbf8ebef974df94d803') in 0.210044 seconds 
========================================================================
Received Import Request.
  Time since last request: 810.621004 seconds.
  path: Assets/Model/FBX/Dying.fbx
  artifactKey: Guid(369fed762ced3422c87d3bdc035540b5) Importer(815301076,1909f56bfc062723c751e8b465ee728b)
Start importing Assets/Model/FBX/Dying.fbx using Guid(369fed762ced3422c87d3bdc035540b5) Importer(815301076,1909f56bfc062723c751e8b465ee728b)  -> (artifact id: '1366978019f7aeb3cab284b9ecfc7683') in 0.222127 seconds 
========================================================================
Received Import Request.
  Time since last request: 7.530706 seconds.
  path: Assets/Model/FBX/Dying.fbx
  artifactKey: Guid(369fed762ced3422c87d3bdc035540b5) Importer(815301076,1909f56bfc062723c751e8b465ee728b)
Start importing Assets/Model/FBX/Dying.fbx using Guid(369fed762ced3422c87d3bdc035540b5) Importer(815301076,1909f56bfc062723c751e8b465ee728b)  -> (artifact id: '0dce20e166d00b76e9a4c151c1f1739f') in 0.217211 seconds 
========================================================================
Received Import Request.
  Time since last request: 0.216849 seconds.
  path: Assets/Model/FBX/Fist Fight B.fbx
  artifactKey: Guid(d0b0ed8804f564a2ba8ea5c2fc5f7590) Importer(815301076,1909f56bfc062723c751e8b465ee728b)
Start importing Assets/Model/FBX/Fist Fight B.fbx using Guid(d0b0ed8804f564a2ba8ea5c2fc5f7590) Importer(815301076,1909f56bfc062723c751e8b465ee728b)  -> (artifact id: 'fb7ca2c86a1cd6943b97ad1db105c1a2') in 0.218871 seconds 
========================================================================
Received Import Request.
  Time since last request: 6.425796 seconds.
  path: Assets/Model/FBX/Fist Fight B.fbx
  artifactKey: Guid(d0b0ed8804f564a2ba8ea5c2fc5f7590) Importer(815301076,1909f56bfc062723c751e8b465ee728b)
Start importing Assets/Model/FBX/Fist Fight B.fbx using Guid(d0b0ed8804f564a2ba8ea5c2fc5f7590) Importer(815301076,1909f56bfc062723c751e8b465ee728b)  -> (artifact id: 'e338cbe240743c6df971149ea31610b0') in 0.217039 seconds 
========================================================================
Received Import Request.
  Time since last request: 0.296380 seconds.
  path: Assets/Model/FBX/Martelo 2.fbx
  artifactKey: Guid(30e085305f5124fbd809f635710c6af8) Importer(815301076,1909f56bfc062723c751e8b465ee728b)
Start importing Assets/Model/FBX/Martelo 2.fbx using Guid(30e085305f5124fbd809f635710c6af8) Importer(815301076,1909f56bfc062723c751e8b465ee728b)  -> (artifact id: 'fed08c4dbf66d566ac64e3f42372bf68') in 0.210931 seconds 
========================================================================
Received Import Request.
  Time since last request: 8.271638 seconds.
  path: Assets/Model/FBX/Martelo 2.fbx
  artifactKey: Guid(30e085305f5124fbd809f635710c6af8) Importer(815301076,1909f56bfc062723c751e8b465ee728b)
Start importing Assets/Model/FBX/Martelo 2.fbx using Guid(30e085305f5124fbd809f635710c6af8) Importer(815301076,1909f56bfc062723c751e8b465ee728b)  -> (artifact id: 'd86d575700d5e23bcd83f88bb25373ca') in 0.218509 seconds 
========================================================================
Received Import Request.
  Time since last request: 0.942601 seconds.
  path: Assets/Model/FBX/Stable Sword Inward Slash.fbx
  artifactKey: Guid(b3a5eb9f30fd04fa4b37d697a9e55807) Importer(815301076,1909f56bfc062723c751e8b465ee728b)
Start importing Assets/Model/FBX/Stable Sword Inward Slash.fbx using Guid(b3a5eb9f30fd04fa4b37d697a9e55807) Importer(815301076,1909f56bfc062723c751e8b465ee728b)  -> (artifact id: 'c88c86c74406de1436f2f17bd23ac1f1') in 0.206905 seconds 
========================================================================
Received Import Request.
  Time since last request: 7.104274 seconds.
  path: Assets/Model/FBX/Stable Sword Inward Slash.fbx
  artifactKey: Guid(b3a5eb9f30fd04fa4b37d697a9e55807) Importer(815301076,1909f56bfc062723c751e8b465ee728b)
Start importing Assets/Model/FBX/Stable Sword Inward Slash.fbx using Guid(b3a5eb9f30fd04fa4b37d697a9e55807) Importer(815301076,1909f56bfc062723c751e8b465ee728b)  -> (artifact id: '12374668ea4082993106ccd17ae40924') in 0.218001 seconds 
========================================================================
Received Import Request.
  Time since last request: 71.594704 seconds.
  path: Assets/Model/FBX/Boxing.fbx
  artifactKey: Guid(89e5d5cf9de7348c4a3538d0323cb18b) Importer(815301076,1909f56bfc062723c751e8b465ee728b)
Start importing Assets/Model/FBX/Boxing.fbx using Guid(89e5d5cf9de7348c4a3538d0323cb18b) Importer(815301076,1909f56bfc062723c751e8b465ee728b)  -> (artifact id: 'b227658888934e95adf7a7b38038f859') in 0.222558 seconds 
========================================================================
Received Import Request.
  Time since last request: 6.172876 seconds.
  path: Assets/Model/FBX/Boxing.fbx
  artifactKey: Guid(89e5d5cf9de7348c4a3538d0323cb18b) Importer(815301076,1909f56bfc062723c751e8b465ee728b)
Start importing Assets/Model/FBX/Boxing.fbx using Guid(89e5d5cf9de7348c4a3538d0323cb18b) Importer(815301076,1909f56bfc062723c751e8b465ee728b)  -> (artifact id: '30368bddb0ff0161d56a828aca7ac2d5') in 0.209120 seconds 
========================================================================
Received Import Request.
  Time since last request: 348.781217 seconds.
  path: Assets/Model/FBX/Reaction.fbx
  artifactKey: Guid(ce959213f66224601b7fc496e99d6856) Importer(815301076,1909f56bfc062723c751e8b465ee728b)
Start importing Assets/Model/FBX/Reaction.fbx using Guid(ce959213f66224601b7fc496e99d6856) Importer(815301076,1909f56bfc062723c751e8b465ee728b)  -> (artifact id: 'a67b117849c23ee48e38aaae1a745a74') in 0.199005 seconds 
========================================================================
Received Prepare
Registering precompiled user dll's ...
Registered in 0.003741 seconds.
Begin MonoManager ReloadAssembly
Symbol file LoadedFromMemory doesn't match image /Users/nuno.moreira/Miniclip/hackathon/2023/project-hero/project-hero/project-hero/Library/PackageCache/com.unity.visualscripting@1.7.8/Editor/VisualScripting.Core/Dependencies/YamlDotNet/Unity.VisualScripting.YamlDotNet.dll
Symbol file LoadedFromMemory doesn't match image /Users/nuno.moreira/Miniclip/hackathon/2023/project-hero/project-hero/project-hero/Library/PackageCache/com.unity.visualscripting@1.7.8/Editor/VisualScripting.Core/Dependencies/DotNetZip/Unity.VisualScripting.IonicZip.dll
Native extension for iOS target not found
Native extension for Android target not found
Native extension for OSXStandalone target not found
Refreshing native plugins compatible for Editor in 0.90 ms, found 3 plugins.
Preloading 0 native plugins for Editor in 0.00 ms.
Mono: successfully reloaded assembly
- Completed reload, in  1.602 seconds
Domain Reload Profiling:
	ReloadAssembly (1603ms)
		BeginReloadAssembly (188ms)
			ExecutionOrderSort (0ms)
			DisableScriptedObjects (7ms)
			BackupInstance (0ms)
			ReleaseScriptingObjects (0ms)
			CreateAndSetChildDomain (80ms)
		EndReloadAssembly (1268ms)
			LoadAssemblies (111ms)
			RebuildTransferFunctionScriptingTraits (0ms)
			SetupTypeCache (412ms)
			ReleaseScriptCaches (2ms)
			RebuildScriptCaches (76ms)
			SetupLoadedEditorAssemblies (577ms)
				LogAssemblyErrors (0ms)
				InitializePlatformSupportModulesInManaged (48ms)
				SetLoadedEditorAssemblies (1ms)
				RefreshPlugins (1ms)
				BeforeProcessingInitializeOnLoad (113ms)
				ProcessInitializeOnLoadAttributes (365ms)
				ProcessInitializeOnLoadMethodAttributes (47ms)
				AfterProcessingInitializeOnLoad (2ms)
				EditorAssembliesLoaded (0ms)
			ExecutionOrderSort2 (0ms)
			AwakeInstancesAfterBackupRestoration (6ms)
Platform modules already initialized, skipping
Refreshing native plugins compatible for Editor in 3.63 ms, found 3 plugins.
Preloading 0 native plugins for Editor in 0.00 ms.
Unloading 4481 Unused Serialized files (Serialized files now loaded: 0)
Unloading 37 unused Assets / (50.1 KB). Loaded Objects now: 4984.
Memory consumption went from 299.0 MB to 298.9 MB.
Total: 4.441725 ms (FindLiveObjects: 0.390178 ms CreateObjectMapping: 0.393287 ms MarkObjects: 3.551254 ms  DeleteObjects: 0.106170 ms)

AssetImportParameters requested are different than current active one (requested -> active):
  custom:video-decoder-ogg-theora: a1e56fd34408186e4bbccfd4996cb3dc -> 
  custom:container-muxer-webm: aa71ff27fc2769a1b78a27578f13a17b -> 
  custom:container-demuxer-webm: 4f35f7cbe854078d1ac9338744f61a02 -> 
  custom:video-encoder-webm-vp8: eb34c28f22e8b96e1ab97ce403110664 -> 
  custom:framework-osx-AVFoundation: e770b220cccbd017edd2c1fefb359320 -> 
  custom:audio-encoder-webm-vorbis: bf7c407c2cedff20999df2af8eb42d56 -> 
  custom:container-demuxer-ogg: 62fdf1f143b41e24485cea50d1cbac27 -> 
  custom:video-decoder-webm-vp8: 9c59270c3fd7afecdb556c50c9e8de78 -> 
  custom:audio-decoder-ogg-vorbis: bf7c407c2cedff20999df2af8eb42d56 -> 
========================================================================
Received Prepare
Registering precompiled user dll's ...
Registered in 0.004286 seconds.
Begin MonoManager ReloadAssembly
Symbol file LoadedFromMemory doesn't match image /Users/nuno.moreira/Miniclip/hackathon/2023/project-hero/project-hero/project-hero/Library/PackageCache/com.unity.visualscripting@1.7.8/Editor/VisualScripting.Core/Dependencies/YamlDotNet/Unity.VisualScripting.YamlDotNet.dll
Symbol file LoadedFromMemory doesn't match image /Users/nuno.moreira/Miniclip/hackathon/2023/project-hero/project-hero/project-hero/Library/PackageCache/com.unity.visualscripting@1.7.8/Editor/VisualScripting.Core/Dependencies/DotNetZip/Unity.VisualScripting.IonicZip.dll
Native extension for iOS target not found
Native extension for Android target not found
Native extension for OSXStandalone target not found
Refreshing native plugins compatible for Editor in 1.32 ms, found 3 plugins.
Preloading 0 native plugins for Editor in 0.00 ms.
Mono: successfully reloaded assembly
- Completed reload, in  1.852 seconds
Domain Reload Profiling:
	ReloadAssembly (1853ms)
		BeginReloadAssembly (218ms)
			ExecutionOrderSort (0ms)
			DisableScriptedObjects (11ms)
			BackupInstance (0ms)
			ReleaseScriptingObjects (0ms)
			CreateAndSetChildDomain (89ms)
		EndReloadAssembly (1465ms)
			LoadAssemblies (127ms)
			RebuildTransferFunctionScriptingTraits (0ms)
			SetupTypeCache (477ms)
			ReleaseScriptCaches (2ms)
			RebuildScriptCaches (87ms)
			SetupLoadedEditorAssemblies (675ms)
				LogAssemblyErrors (0ms)
				InitializePlatformSupportModulesInManaged (60ms)
				SetLoadedEditorAssemblies (2ms)
				RefreshPlugins (1ms)
				BeforeProcessingInitializeOnLoad (132ms)
				ProcessInitializeOnLoadAttributes (421ms)
				ProcessInitializeOnLoadMethodAttributes (56ms)
				AfterProcessingInitializeOnLoad (3ms)
				EditorAssembliesLoaded (0ms)
			ExecutionOrderSort2 (0ms)
			AwakeInstancesAfterBackupRestoration (7ms)
Platform modules already initialized, skipping
Refreshing native plugins compatible for Editor in 4.35 ms, found 3 plugins.
Preloading 0 native plugins for Editor in 0.00 ms.
Unloading 4481 Unused Serialized files (Serialized files now loaded: 0)
Unloading 37 unused Assets / (50.0 KB). Loaded Objects now: 4987.
Memory consumption went from 299.2 MB to 299.2 MB.
Total: 5.310773 ms (FindLiveObjects: 0.487190 ms CreateObjectMapping: 0.390896 ms MarkObjects: 4.331093 ms  DeleteObjects: 0.100170 ms)

AssetImportParameters requested are different than current active one (requested -> active):
  custom:video-decoder-ogg-theora: a1e56fd34408186e4bbccfd4996cb3dc -> 
  custom:container-muxer-webm: aa71ff27fc2769a1b78a27578f13a17b -> 
  custom:container-demuxer-webm: 4f35f7cbe854078d1ac9338744f61a02 -> 
  custom:video-encoder-webm-vp8: eb34c28f22e8b96e1ab97ce403110664 -> 
  custom:framework-osx-AVFoundation: e770b220cccbd017edd2c1fefb359320 -> 
  custom:audio-encoder-webm-vorbis: bf7c407c2cedff20999df2af8eb42d56 -> 
  custom:container-demuxer-ogg: 62fdf1f143b41e24485cea50d1cbac27 -> 
  custom:video-decoder-webm-vp8: 9c59270c3fd7afecdb556c50c9e8de78 -> 
  custom:audio-decoder-ogg-vorbis: bf7c407c2cedff20999df2af8eb42d56 -> 
========================================================================
Received Prepare
Registering precompiled user dll's ...
Registered in 0.003665 seconds.
Begin MonoManager ReloadAssembly
Symbol file LoadedFromMemory doesn't match image /Users/nuno.moreira/Miniclip/hackathon/2023/project-hero/project-hero/project-hero/Library/PackageCache/com.unity.visualscripting@1.7.8/Editor/VisualScripting.Core/Dependencies/YamlDotNet/Unity.VisualScripting.YamlDotNet.dll
Symbol file LoadedFromMemory doesn't match image /Users/nuno.moreira/Miniclip/hackathon/2023/project-hero/project-hero/project-hero/Library/PackageCache/com.unity.visualscripting@1.7.8/Editor/VisualScripting.Core/Dependencies/DotNetZip/Unity.VisualScripting.IonicZip.dll
Native extension for iOS target not found
Native extension for Android target not found
Native extension for OSXStandalone target not found
Refreshing native plugins compatible for Editor in 0.94 ms, found 3 plugins.
Preloading 0 native plugins for Editor in 0.00 ms.
Mono: successfully reloaded assembly
- Completed reload, in  1.594 seconds
Domain Reload Profiling:
	ReloadAssembly (1595ms)
		BeginReloadAssembly (184ms)
			ExecutionOrderSort (0ms)
			DisableScriptedObjects (9ms)
			BackupInstance (0ms)
			ReleaseScriptingObjects (0ms)
			CreateAndSetChildDomain (78ms)
		EndReloadAssembly (1262ms)
			LoadAssemblies (105ms)
			RebuildTransferFunctionScriptingTraits (0ms)
			SetupTypeCache (402ms)
			ReleaseScriptCaches (1ms)
			RebuildScriptCaches (76ms)
			SetupLoadedEditorAssemblies (586ms)
				LogAssemblyErrors (0ms)
				InitializePlatformSupportModulesInManaged (48ms)
				SetLoadedEditorAssemblies (2ms)
				RefreshPlugins (1ms)
				BeforeProcessingInitializeOnLoad (114ms)
				ProcessInitializeOnLoadAttributes (369ms)
				ProcessInitializeOnLoadMethodAttributes (49ms)
				AfterProcessingInitializeOnLoad (2ms)
				EditorAssembliesLoaded (0ms)
			ExecutionOrderSort2 (0ms)
			AwakeInstancesAfterBackupRestoration (6ms)
Platform modules already initialized, skipping
Refreshing native plugins compatible for Editor in 3.82 ms, found 3 plugins.
Preloading 0 native plugins for Editor in 0.00 ms.
Unloading 4481 Unused Serialized files (Serialized files now loaded: 0)
Unloading 37 unused Assets / (50.0 KB). Loaded Objects now: 4990.
Memory consumption went from 299.4 MB to 299.4 MB.
Total: 5.216541 ms (FindLiveObjects: 0.503341 ms CreateObjectMapping: 0.421123 ms MarkObjects: 4.195610 ms  DeleteObjects: 0.094970 ms)

AssetImportParameters requested are different than current active one (requested -> active):
  custom:video-decoder-ogg-theora: a1e56fd34408186e4bbccfd4996cb3dc -> 
  custom:container-muxer-webm: aa71ff27fc2769a1b78a27578f13a17b -> 
  custom:container-demuxer-webm: 4f35f7cbe854078d1ac9338744f61a02 -> 
  custom:video-encoder-webm-vp8: eb34c28f22e8b96e1ab97ce403110664 -> 
  custom:framework-osx-AVFoundation: e770b220cccbd017edd2c1fefb359320 -> 
  custom:audio-encoder-webm-vorbis: bf7c407c2cedff20999df2af8eb42d56 -> 
  custom:container-demuxer-ogg: 62fdf1f143b41e24485cea50d1cbac27 -> 
  custom:video-decoder-webm-vp8: 9c59270c3fd7afecdb556c50c9e8de78 -> 
  custom:audio-decoder-ogg-vorbis: bf7c407c2cedff20999df2af8eb42d56 -> 
========================================================================
Received Import Request.
  Time since last request: 1286.363999 seconds.
  path: Assets/Model/FBX/char01@Strafe Right Stop.fbx
  artifactKey: Guid(9179f4fe434994385b0c6ad427d03f05) Importer(815301076,1909f56bfc062723c751e8b465ee728b)
Start importing Assets/Model/FBX/char01@Strafe Right Stop.fbx using Guid(9179f4fe434994385b0c6ad427d03f05) Importer(815301076,1909f56bfc062723c751e8b465ee728b)  -> (artifact id: '45ab35813bbd636d7fb70196e9138c18') in 0.311052 seconds 
========================================================================
Received Prepare
Registering precompiled user dll's ...
Registered in 0.003287 seconds.
Begin MonoManager ReloadAssembly
Symbol file LoadedFromMemory doesn't match image /Users/nuno.moreira/Miniclip/hackathon/2023/project-hero/project-hero/project-hero/Library/PackageCache/com.unity.visualscripting@1.7.8/Editor/VisualScripting.Core/Dependencies/YamlDotNet/Unity.VisualScripting.YamlDotNet.dll
Symbol file LoadedFromMemory doesn't match image /Users/nuno.moreira/Miniclip/hackathon/2023/project-hero/project-hero/project-hero/Library/PackageCache/com.unity.visualscripting@1.7.8/Editor/VisualScripting.Core/Dependencies/DotNetZip/Unity.VisualScripting.IonicZip.dll
Native extension for iOS target not found
Native extension for Android target not found
Native extension for OSXStandalone target not found
Refreshing native plugins compatible for Editor in 0.84 ms, found 3 plugins.
Preloading 0 native plugins for Editor in 0.00 ms.
Mono: successfully reloaded assembly
- Completed reload, in  1.451 seconds
Domain Reload Profiling:
	ReloadAssembly (1452ms)
		BeginReloadAssembly (180ms)
			ExecutionOrderSort (0ms)
			DisableScriptedObjects (7ms)
			BackupInstance (0ms)
			ReleaseScriptingObjects (0ms)
			CreateAndSetChildDomain (80ms)
		EndReloadAssembly (1135ms)
			LoadAssemblies (102ms)
			RebuildTransferFunctionScriptingTraits (0ms)
			SetupTypeCache (375ms)
			ReleaseScriptCaches (1ms)
			RebuildScriptCaches (69ms)
			SetupLoadedEditorAssemblies (517ms)
				LogAssemblyErrors (0ms)
				InitializePlatformSupportModulesInManaged (46ms)
				SetLoadedEditorAssemblies (1ms)
				RefreshPlugins (1ms)
				BeforeProcessingInitializeOnLoad (103ms)
				ProcessInitializeOnLoadAttributes (323ms)
				ProcessInitializeOnLoadMethodAttributes (41ms)
				AfterProcessingInitializeOnLoad (2ms)
				EditorAssembliesLoaded (0ms)
			ExecutionOrderSort2 (0ms)
			AwakeInstancesAfterBackupRestoration (5ms)
Platform modules already initialized, skipping
Refreshing native plugins compatible for Editor in 3.53 ms, found 3 plugins.
Preloading 0 native plugins for Editor in 0.00 ms.
Unloading 4481 Unused Serialized files (Serialized files now loaded: 0)
Unloading 37 unused Assets / (51.0 KB). Loaded Objects now: 4993.
Memory consumption went from 300.1 MB to 300.0 MB.
Total: 4.379844 ms (FindLiveObjects: 0.656047 ms CreateObjectMapping: 0.480840 ms MarkObjects: 3.129487 ms  DeleteObjects: 0.112694 ms)

AssetImportParameters requested are different than current active one (requested -> active):
  custom:video-decoder-ogg-theora: a1e56fd34408186e4bbccfd4996cb3dc -> 
  custom:container-muxer-webm: aa71ff27fc2769a1b78a27578f13a17b -> 
  custom:container-demuxer-webm: 4f35f7cbe854078d1ac9338744f61a02 -> 
  custom:video-encoder-webm-vp8: eb34c28f22e8b96e1ab97ce403110664 -> 
  custom:framework-osx-AVFoundation: e770b220cccbd017edd2c1fefb359320 -> 
  custom:audio-encoder-webm-vorbis: bf7c407c2cedff20999df2af8eb42d56 -> 
  custom:container-demuxer-ogg: 62fdf1f143b41e24485cea50d1cbac27 -> 
  custom:video-decoder-webm-vp8: 9c59270c3fd7afecdb556c50c9e8de78 -> 
  custom:audio-decoder-ogg-vorbis: bf7c407c2cedff20999df2af8eb42d56 -> 
========================================================================
Received Import Request.
  Time since last request: 518.823942 seconds.
  path: Assets/Model/FBX/char01@Dying.fbx
  artifactKey: Guid(cbba771ef4180488183efd54b87c9c0d) Importer(815301076,1909f56bfc062723c751e8b465ee728b)
Start importing Assets/Model/FBX/char01@Dying.fbx using Guid(cbba771ef4180488183efd54b87c9c0d) Importer(815301076,1909f56bfc062723c751e8b465ee728b)  -> (artifact id: 'd25f37f10a43528fb16ddb08b705f8a0') in 0.374790 seconds 
========================================================================
Received Prepare
Registering precompiled user dll's ...
Registered in 0.003089 seconds.
Begin MonoManager ReloadAssembly
Symbol file LoadedFromMemory doesn't match image /Users/nuno.moreira/Miniclip/hackathon/2023/project-hero/project-hero/project-hero/Library/PackageCache/com.unity.visualscripting@1.7.8/Editor/VisualScripting.Core/Dependencies/YamlDotNet/Unity.VisualScripting.YamlDotNet.dll
Symbol file LoadedFromMemory doesn't match image /Users/nuno.moreira/Miniclip/hackathon/2023/project-hero/project-hero/project-hero/Library/PackageCache/com.unity.visualscripting@1.7.8/Editor/VisualScripting.Core/Dependencies/DotNetZip/Unity.VisualScripting.IonicZip.dll
Native extension for iOS target not found
Native extension for Android target not found
Native extension for OSXStandalone target not found
Refreshing native plugins compatible for Editor in 0.98 ms, found 3 plugins.
Preloading 0 native plugins for Editor in 0.00 ms.
Mono: successfully reloaded assembly
- Completed reload, in  1.467 seconds
Domain Reload Profiling:
	ReloadAssembly (1467ms)
		BeginReloadAssembly (179ms)
			ExecutionOrderSort (0ms)
			DisableScriptedObjects (7ms)
			BackupInstance (0ms)
			ReleaseScriptingObjects (0ms)
			CreateAndSetChildDomain (77ms)
		EndReloadAssembly (1157ms)
			LoadAssemblies (99ms)
			RebuildTransferFunctionScriptingTraits (0ms)
			SetupTypeCache (378ms)
			ReleaseScriptCaches (1ms)
			RebuildScriptCaches (70ms)
			SetupLoadedEditorAssemblies (531ms)
				LogAssemblyErrors (0ms)
				InitializePlatformSupportModulesInManaged (47ms)
				SetLoadedEditorAssemblies (1ms)
				RefreshPlugins (1ms)
				BeforeProcessingInitializeOnLoad (105ms)
				ProcessInitializeOnLoadAttributes (331ms)
				ProcessInitializeOnLoadMethodAttributes (44ms)
				AfterProcessingInitializeOnLoad (2ms)
				EditorAssembliesLoaded (0ms)
			ExecutionOrderSort2 (0ms)
			AwakeInstancesAfterBackupRestoration (5ms)
Platform modules already initialized, skipping
Refreshing native plugins compatible for Editor in 3.03 ms, found 3 plugins.
Preloading 0 native plugins for Editor in 0.00 ms.
Unloading 4481 Unused Serialized files (Serialized files now loaded: 0)
Unloading 37 unused Assets / (50.5 KB). Loaded Objects now: 4996.
Memory consumption went from 300.4 MB to 300.3 MB.
Total: 4.086481 ms (FindLiveObjects: 0.375683 ms CreateObjectMapping: 0.324697 ms MarkObjects: 3.297596 ms  DeleteObjects: 0.087590 ms)

AssetImportParameters requested are different than current active one (requested -> active):
  custom:video-decoder-ogg-theora: a1e56fd34408186e4bbccfd4996cb3dc -> 
  custom:container-muxer-webm: aa71ff27fc2769a1b78a27578f13a17b -> 
  custom:container-demuxer-webm: 4f35f7cbe854078d1ac9338744f61a02 -> 
  custom:video-encoder-webm-vp8: eb34c28f22e8b96e1ab97ce403110664 -> 
  custom:framework-osx-AVFoundation: e770b220cccbd017edd2c1fefb359320 -> 
  custom:audio-encoder-webm-vorbis: bf7c407c2cedff20999df2af8eb42d56 -> 
  custom:container-demuxer-ogg: 62fdf1f143b41e24485cea50d1cbac27 -> 
  custom:video-decoder-webm-vp8: 9c59270c3fd7afecdb556c50c9e8de78 -> 
  custom:audio-decoder-ogg-vorbis: bf7c407c2cedff20999df2af8eb42d56 -> 
========================================================================
Received Import Request.
  Time since last request: 568.608707 seconds.
  path: Assets/Model/FBX/char01@Dying.fbx
  artifactKey: Guid(cbba771ef4180488183efd54b87c9c0d) Importer(815301076,1909f56bfc062723c751e8b465ee728b)
Start importing Assets/Model/FBX/char01@Dying.fbx using Guid(cbba771ef4180488183efd54b87c9c0d) Importer(815301076,1909f56bfc062723c751e8b465ee728b)  -> (artifact id: '8b8b709af09498123a34439403b61d14') in 0.310727 seconds 
========================================================================
Received Prepare
Registering precompiled user dll's ...
Registered in 0.003471 seconds.
Begin MonoManager ReloadAssembly
Symbol file LoadedFromMemory doesn't match image /Users/nuno.moreira/Miniclip/hackathon/2023/project-hero/project-hero/project-hero/Library/PackageCache/com.unity.visualscripting@1.7.8/Editor/VisualScripting.Core/Dependencies/YamlDotNet/Unity.VisualScripting.YamlDotNet.dll
Symbol file LoadedFromMemory doesn't match image /Users/nuno.moreira/Miniclip/hackathon/2023/project-hero/project-hero/project-hero/Library/PackageCache/com.unity.visualscripting@1.7.8/Editor/VisualScripting.Core/Dependencies/DotNetZip/Unity.VisualScripting.IonicZip.dll
Native extension for iOS target not found
Native extension for Android target not found
Native extension for OSXStandalone target not found
Refreshing native plugins compatible for Editor in 0.98 ms, found 3 plugins.
Preloading 0 native plugins for Editor in 0.00 ms.
Mono: successfully reloaded assembly
- Completed reload, in  1.675 seconds
Domain Reload Profiling:
	ReloadAssembly (1676ms)
		BeginReloadAssembly (196ms)
			ExecutionOrderSort (0ms)
			DisableScriptedObjects (8ms)
			BackupInstance (0ms)
			ReleaseScriptingObjects (0ms)
			CreateAndSetChildDomain (88ms)
		EndReloadAssembly (1324ms)
			LoadAssemblies (110ms)
			RebuildTransferFunctionScriptingTraits (0ms)
			SetupTypeCache (427ms)
			ReleaseScriptCaches (1ms)
			RebuildScriptCaches (80ms)
			SetupLoadedEditorAssemblies (614ms)
				LogAssemblyErrors (0ms)
				InitializePlatformSupportModulesInManaged (54ms)
				SetLoadedEditorAssemblies (1ms)
				RefreshPlugins (1ms)
				BeforeProcessingInitializeOnLoad (116ms)
				ProcessInitializeOnLoadAttributes (389ms)
				ProcessInitializeOnLoadMethodAttributes (50ms)
				AfterProcessingInitializeOnLoad (3ms)
				EditorAssembliesLoaded (0ms)
			ExecutionOrderSort2 (0ms)
			AwakeInstancesAfterBackupRestoration (6ms)
Platform modules already initialized, skipping
Refreshing native plugins compatible for Editor in 4.32 ms, found 3 plugins.
Preloading 0 native plugins for Editor in 0.00 ms.
Unloading 4481 Unused Serialized files (Serialized files now loaded: 0)
Unloading 37 unused Assets / (50.2 KB). Loaded Objects now: 4999.
Memory consumption went from 300.6 MB to 300.6 MB.
Total: 4.935297 ms (FindLiveObjects: 0.396182 ms CreateObjectMapping: 0.384840 ms MarkObjects: 4.048997 ms  DeleteObjects: 0.103857 ms)

AssetImportParameters requested are different than current active one (requested -> active):
  custom:video-decoder-ogg-theora: a1e56fd34408186e4bbccfd4996cb3dc -> 
  custom:container-muxer-webm: aa71ff27fc2769a1b78a27578f13a17b -> 
  custom:container-demuxer-webm: 4f35f7cbe854078d1ac9338744f61a02 -> 
  custom:video-encoder-webm-vp8: eb34c28f22e8b96e1ab97ce403110664 -> 
  custom:framework-osx-AVFoundation: e770b220cccbd017edd2c1fefb359320 -> 
  custom:audio-encoder-webm-vorbis: bf7c407c2cedff20999df2af8eb42d56 -> 
  custom:container-demuxer-ogg: 62fdf1f143b41e24485cea50d1cbac27 -> 
  custom:video-decoder-webm-vp8: 9c59270c3fd7afecdb556c50c9e8de78 -> 
  custom:audio-decoder-ogg-vorbis: bf7c407c2cedff20999df2af8eb42d56 -> 
========================================================================
Received Prepare
Registering precompiled user dll's ...
Registered in 0.005081 seconds.
Begin MonoManager ReloadAssembly
Symbol file LoadedFromMemory doesn't match image /Users/nuno.moreira/Miniclip/hackathon/2023/project-hero/project-hero/project-hero/Library/PackageCache/com.unity.visualscripting@1.7.8/Editor/VisualScripting.Core/Dependencies/YamlDotNet/Unity.VisualScripting.YamlDotNet.dll
Symbol file LoadedFromMemory doesn't match image /Users/nuno.moreira/Miniclip/hackathon/2023/project-hero/project-hero/project-hero/Library/PackageCache/com.unity.visualscripting@1.7.8/Editor/VisualScripting.Core/Dependencies/DotNetZip/Unity.VisualScripting.IonicZip.dll
Native extension for iOS target not found
Native extension for Android target not found
Native extension for OSXStandalone target not found
Refreshing native plugins compatible for Editor in 1.13 ms, found 3 plugins.
Preloading 0 native plugins for Editor in 0.00 ms.
Mono: successfully reloaded assembly
- Completed reload, in  2.174 seconds
Domain Reload Profiling:
	ReloadAssembly (2175ms)
		BeginReloadAssembly (246ms)
			ExecutionOrderSort (0ms)
			DisableScriptedObjects (14ms)
			BackupInstance (0ms)
			ReleaseScriptingObjects (0ms)
			CreateAndSetChildDomain (102ms)
		EndReloadAssembly (1725ms)
			LoadAssemblies (139ms)
			RebuildTransferFunctionScriptingTraits (0ms)
			SetupTypeCache (550ms)
			ReleaseScriptCaches (2ms)
			RebuildScriptCaches (104ms)
			SetupLoadedEditorAssemblies (811ms)
				LogAssemblyErrors (0ms)
				InitializePlatformSupportModulesInManaged (71ms)
				SetLoadedEditorAssemblies (3ms)
				RefreshPlugins (1ms)
				BeforeProcessingInitializeOnLoad (160ms)
				ProcessInitializeOnLoadAttributes (504ms)
				ProcessInitializeOnLoadMethodAttributes (68ms)
				AfterProcessingInitializeOnLoad (3ms)
				EditorAssembliesLoaded (0ms)
			ExecutionOrderSort2 (0ms)
			AwakeInstancesAfterBackupRestoration (8ms)
Platform modules already initialized, skipping
Refreshing native plugins compatible for Editor in 4.79 ms, found 3 plugins.
Preloading 0 native plugins for Editor in 0.00 ms.
Unloading 4481 Unused Serialized files (Serialized files now loaded: 0)
Unloading 37 unused Assets / (49.9 KB). Loaded Objects now: 5002.
Memory consumption went from 300.8 MB to 300.8 MB.
Total: 5.685460 ms (FindLiveObjects: 0.540936 ms CreateObjectMapping: 0.405868 ms MarkObjects: 4.629339 ms  DeleteObjects: 0.107772 ms)

AssetImportParameters requested are different than current active one (requested -> active):
  custom:video-decoder-ogg-theora: a1e56fd34408186e4bbccfd4996cb3dc -> 
  custom:container-muxer-webm: aa71ff27fc2769a1b78a27578f13a17b -> 
  custom:container-demuxer-webm: 4f35f7cbe854078d1ac9338744f61a02 -> 
  custom:video-encoder-webm-vp8: eb34c28f22e8b96e1ab97ce403110664 -> 
  custom:framework-osx-AVFoundation: e770b220cccbd017edd2c1fefb359320 -> 
  custom:audio-encoder-webm-vorbis: bf7c407c2cedff20999df2af8eb42d56 -> 
  custom:container-demuxer-ogg: 62fdf1f143b41e24485cea50d1cbac27 -> 
  custom:video-decoder-webm-vp8: 9c59270c3fd7afecdb556c50c9e8de78 -> 
  custom:audio-decoder-ogg-vorbis: bf7c407c2cedff20999df2af8eb42d56 -> 
========================================================================
Received Import Request.
  Time since last request: 367.031360 seconds.
  path: Assets/Model/FBX/char01@Right Strafe Walking(1).fbx
  artifactKey: Guid(713da407e2bd9470292691d6f080f47c) Importer(815301076,1909f56bfc062723c751e8b465ee728b)
Start importing Assets/Model/FBX/char01@Right Strafe Walking(1).fbx using Guid(713da407e2bd9470292691d6f080f47c) Importer(815301076,1909f56bfc062723c751e8b465ee728b)  -> (artifact id: '6abe51f5a1562011b02c494d9317e8f8') in 0.399329 seconds 
========================================================================
Received Import Request.
  Time since last request: 7.143339 seconds.
  path: Assets/Model/FBX/char01@Left Strafe Walking.fbx
  artifactKey: Guid(713da407e2bd9470292691d6f080f47c) Importer(815301076,1909f56bfc062723c751e8b465ee728b)
Start importing Assets/Model/FBX/char01@Left Strafe Walking.fbx using Guid(713da407e2bd9470292691d6f080f47c) Importer(815301076,1909f56bfc062723c751e8b465ee728b)  -> (artifact id: 'f9d7ee09ff8bbc3ca5f3b0906e1a8a78') in 0.249532 seconds 
========================================================================
Received Import Request.
  Time since last request: 8.751759 seconds.
  path: Assets/Model/FBX/char01@Left Strafe Walking.fbx
  artifactKey: Guid(713da407e2bd9470292691d6f080f47c) Importer(815301076,1909f56bfc062723c751e8b465ee728b)
Start importing Assets/Model/FBX/char01@Left Strafe Walking.fbx using Guid(713da407e2bd9470292691d6f080f47c) Importer(815301076,1909f56bfc062723c751e8b465ee728b)  -> (artifact id: '54199ed564d496f591b72962b317d79f') in 0.240261 seconds 
========================================================================
Received Prepare
Registering precompiled user dll's ...
Registered in 0.005010 seconds.
Begin MonoManager ReloadAssembly
Symbol file LoadedFromMemory doesn't match image /Users/nuno.moreira/Miniclip/hackathon/2023/project-hero/project-hero/project-hero/Library/PackageCache/com.unity.visualscripting@1.7.8/Editor/VisualScripting.Core/Dependencies/YamlDotNet/Unity.VisualScripting.YamlDotNet.dll
Symbol file LoadedFromMemory doesn't match image /Users/nuno.moreira/Miniclip/hackathon/2023/project-hero/project-hero/project-hero/Library/PackageCache/com.unity.visualscripting@1.7.8/Editor/VisualScripting.Core/Dependencies/DotNetZip/Unity.VisualScripting.IonicZip.dll
Native extension for iOS target not found
Native extension for Android target not found
Native extension for OSXStandalone target not found
Refreshing native plugins compatible for Editor in 1.06 ms, found 3 plugins.
Preloading 0 native plugins for Editor in 0.00 ms.
Mono: successfully reloaded assembly
- Completed reload, in  2.031 seconds
Domain Reload Profiling:
	ReloadAssembly (2032ms)
		BeginReloadAssembly (241ms)
			ExecutionOrderSort (0ms)
			DisableScriptedObjects (9ms)
			BackupInstance (0ms)
			ReleaseScriptingObjects (0ms)
			CreateAndSetChildDomain (107ms)
		EndReloadAssembly (1599ms)
			LoadAssemblies (148ms)
			RebuildTransferFunctionScriptingTraits (0ms)
			SetupTypeCache (528ms)
			ReleaseScriptCaches (2ms)
			RebuildScriptCaches (94ms)
			SetupLoadedEditorAssemblies (725ms)
				LogAssemblyErrors (0ms)
				InitializePlatformSupportModulesInManaged (65ms)
				SetLoadedEditorAssemblies (1ms)
				RefreshPlugins (1ms)
				BeforeProcessingInitializeOnLoad (141ms)
				ProcessInitializeOnLoadAttributes (451ms)
				ProcessInitializeOnLoadMethodAttributes (61ms)
				AfterProcessingInitializeOnLoad (3ms)
				EditorAssembliesLoaded (0ms)
			ExecutionOrderSort2 (0ms)
			AwakeInstancesAfterBackupRestoration (7ms)
Platform modules already initialized, skipping
Refreshing native plugins compatible for Editor in 4.15 ms, found 3 plugins.
Preloading 0 native plugins for Editor in 0.00 ms.
Unloading 4481 Unused Serialized files (Serialized files now loaded: 0)
Unloading 37 unused Assets / (50.4 KB). Loaded Objects now: 5005.
Memory consumption went from 301.4 MB to 301.3 MB.
Total: 5.449816 ms (FindLiveObjects: 0.464156 ms CreateObjectMapping: 0.394445 ms MarkObjects: 4.486125 ms  DeleteObjects: 0.103902 ms)

AssetImportParameters requested are different than current active one (requested -> active):
  custom:video-decoder-ogg-theora: a1e56fd34408186e4bbccfd4996cb3dc -> 
  custom:container-muxer-webm: aa71ff27fc2769a1b78a27578f13a17b -> 
  custom:container-demuxer-webm: 4f35f7cbe854078d1ac9338744f61a02 -> 
  custom:video-encoder-webm-vp8: eb34c28f22e8b96e1ab97ce403110664 -> 
  custom:framework-osx-AVFoundation: e770b220cccbd017edd2c1fefb359320 -> 
  custom:audio-encoder-webm-vorbis: bf7c407c2cedff20999df2af8eb42d56 -> 
  custom:container-demuxer-ogg: 62fdf1f143b41e24485cea50d1cbac27 -> 
  custom:video-decoder-webm-vp8: 9c59270c3fd7afecdb556c50c9e8de78 -> 
  custom:audio-decoder-ogg-vorbis: bf7c407c2cedff20999df2af8eb42d56 -> 
========================================================================
Received Prepare
Registering precompiled user dll's ...
Registered in 0.004632 seconds.
Begin MonoManager ReloadAssembly
Symbol file LoadedFromMemory doesn't match image /Users/nuno.moreira/Miniclip/hackathon/2023/project-hero/project-hero/project-hero/Library/PackageCache/com.unity.visualscripting@1.7.8/Editor/VisualScripting.Core/Dependencies/YamlDotNet/Unity.VisualScripting.YamlDotNet.dll
Symbol file LoadedFromMemory doesn't match image /Users/nuno.moreira/Miniclip/hackathon/2023/project-hero/project-hero/project-hero/Library/PackageCache/com.unity.visualscripting@1.7.8/Editor/VisualScripting.Core/Dependencies/DotNetZip/Unity.VisualScripting.IonicZip.dll
Native extension for iOS target not found
Native extension for Android target not found
Native extension for OSXStandalone target not found
Refreshing native plugins compatible for Editor in 1.42 ms, found 3 plugins.
Preloading 0 native plugins for Editor in 0.00 ms.
Mono: successfully reloaded assembly
- Completed reload, in  1.886 seconds
Domain Reload Profiling:
	ReloadAssembly (1888ms)
		BeginReloadAssembly (211ms)
			ExecutionOrderSort (0ms)
			DisableScriptedObjects (10ms)
			BackupInstance (0ms)
			ReleaseScriptingObjects (0ms)
			CreateAndSetChildDomain (87ms)
		EndReloadAssembly (1501ms)
			LoadAssemblies (123ms)
			RebuildTransferFunctionScriptingTraits (0ms)
			SetupTypeCache (485ms)
			ReleaseScriptCaches (2ms)
			RebuildScriptCaches (89ms)
			SetupLoadedEditorAssemblies (692ms)
				LogAssemblyErrors (0ms)
				InitializePlatformSupportModulesInManaged (59ms)
				SetLoadedEditorAssemblies (2ms)
				RefreshPlugins (1ms)
				BeforeProcessingInitializeOnLoad (137ms)
				ProcessInitializeOnLoadAttributes (433ms)
				ProcessInitializeOnLoadMethodAttributes (56ms)
				AfterProcessingInitializeOnLoad (3ms)
				EditorAssembliesLoaded (0ms)
			ExecutionOrderSort2 (0ms)
			AwakeInstancesAfterBackupRestoration (7ms)
Platform modules already initialized, skipping
Refreshing native plugins compatible for Editor in 4.86 ms, found 3 plugins.
Preloading 0 native plugins for Editor in 0.00 ms.
Unloading 4481 Unused Serialized files (Serialized files now loaded: 0)
Unloading 37 unused Assets / (50.8 KB). Loaded Objects now: 5008.
Memory consumption went from 301.6 MB to 301.5 MB.
Total: 5.419475 ms (FindLiveObjects: 0.516684 ms CreateObjectMapping: 0.437698 ms MarkObjects: 4.318549 ms  DeleteObjects: 0.144755 ms)

AssetImportParameters requested are different than current active one (requested -> active):
  custom:video-decoder-ogg-theora: a1e56fd34408186e4bbccfd4996cb3dc -> 
  custom:container-muxer-webm: aa71ff27fc2769a1b78a27578f13a17b -> 
  custom:container-demuxer-webm: 4f35f7cbe854078d1ac9338744f61a02 -> 
  custom:video-encoder-webm-vp8: eb34c28f22e8b96e1ab97ce403110664 -> 
  custom:framework-osx-AVFoundation: e770b220cccbd017edd2c1fefb359320 -> 
  custom:audio-encoder-webm-vorbis: bf7c407c2cedff20999df2af8eb42d56 -> 
  custom:container-demuxer-ogg: 62fdf1f143b41e24485cea50d1cbac27 -> 
  custom:video-decoder-webm-vp8: 9c59270c3fd7afecdb556c50c9e8de78 -> 
  custom:audio-decoder-ogg-vorbis: bf7c407c2cedff20999df2af8eb42d56 -> 
========================================================================
Received Import Request.
  Time since last request: 315.041067 seconds.
  path: Assets/Model/char01.controller
  artifactKey: Guid(ee640f081e8394d119c14d6dfe2ee54d) Importer(815301076,1909f56bfc062723c751e8b465ee728b)
Start importing Assets/Model/char01.controller using Guid(ee640f081e8394d119c14d6dfe2ee54d) Importer(815301076,1909f56bfc062723c751e8b465ee728b)  -> (artifact id: '6549df20c8d6778c818a2b813b774c7d') in 0.230761 seconds 
========================================================================
Received Prepare
Registering precompiled user dll's ...
Registered in 0.003598 seconds.
Begin MonoManager ReloadAssembly
Symbol file LoadedFromMemory doesn't match image /Users/nuno.moreira/Miniclip/hackathon/2023/project-hero/project-hero/project-hero/Library/PackageCache/com.unity.visualscripting@1.7.8/Editor/VisualScripting.Core/Dependencies/YamlDotNet/Unity.VisualScripting.YamlDotNet.dll
Symbol file LoadedFromMemory doesn't match image /Users/nuno.moreira/Miniclip/hackathon/2023/project-hero/project-hero/project-hero/Library/PackageCache/com.unity.visualscripting@1.7.8/Editor/VisualScripting.Core/Dependencies/DotNetZip/Unity.VisualScripting.IonicZip.dll
Native extension for iOS target not found
Native extension for Android target not found
Native extension for OSXStandalone target not found
Refreshing native plugins compatible for Editor in 0.87 ms, found 3 plugins.
Preloading 0 native plugins for Editor in 0.00 ms.
Mono: successfully reloaded assembly
- Completed reload, in  1.651 seconds
Domain Reload Profiling:
	ReloadAssembly (1652ms)
		BeginReloadAssembly (201ms)
			ExecutionOrderSort (0ms)
			DisableScriptedObjects (10ms)
			BackupInstance (0ms)
			ReleaseScriptingObjects (0ms)
			CreateAndSetChildDomain (83ms)
		EndReloadAssembly (1305ms)
			LoadAssemblies (116ms)
			RebuildTransferFunctionScriptingTraits (0ms)
			SetupTypeCache (435ms)
			ReleaseScriptCaches (1ms)
			RebuildScriptCaches (79ms)
			SetupLoadedEditorAssemblies (592ms)
				LogAssemblyErrors (0ms)
				InitializePlatformSupportModulesInManaged (49ms)
				SetLoadedEditorAssemblies (1ms)
				RefreshPlugins (1ms)
				BeforeProcessingInitializeOnLoad (110ms)
				ProcessInitializeOnLoadAttributes (379ms)
				ProcessInitializeOnLoadMethodAttributes (50ms)
				AfterProcessingInitializeOnLoad (2ms)
				EditorAssembliesLoaded (0ms)
			ExecutionOrderSort2 (0ms)
			AwakeInstancesAfterBackupRestoration (6ms)
Platform modules already initialized, skipping
Refreshing native plugins compatible for Editor in 3.25 ms, found 3 plugins.
Preloading 0 native plugins for Editor in 0.00 ms.
Unloading 4481 Unused Serialized files (Serialized files now loaded: 0)
Unloading 37 unused Assets / (50.8 KB). Loaded Objects now: 5011.
Memory consumption went from 306.0 MB to 305.9 MB.
Total: 4.425197 ms (FindLiveObjects: 0.397831 ms CreateObjectMapping: 0.401802 ms MarkObjects: 3.528826 ms  DeleteObjects: 0.095630 ms)

AssetImportParameters requested are different than current active one (requested -> active):
  custom:video-decoder-ogg-theora: a1e56fd34408186e4bbccfd4996cb3dc -> 
  custom:container-muxer-webm: aa71ff27fc2769a1b78a27578f13a17b -> 
  custom:container-demuxer-webm: 4f35f7cbe854078d1ac9338744f61a02 -> 
  custom:video-encoder-webm-vp8: eb34c28f22e8b96e1ab97ce403110664 -> 
  custom:framework-osx-AVFoundation: e770b220cccbd017edd2c1fefb359320 -> 
  custom:audio-encoder-webm-vorbis: bf7c407c2cedff20999df2af8eb42d56 -> 
  custom:container-demuxer-ogg: 62fdf1f143b41e24485cea50d1cbac27 -> 
  custom:video-decoder-webm-vp8: 9c59270c3fd7afecdb556c50c9e8de78 -> 
  custom:audio-decoder-ogg-vorbis: bf7c407c2cedff20999df2af8eb42d56 -> 
========================================================================
Received Prepare
Registering precompiled user dll's ...
Registered in 0.003590 seconds.
Begin MonoManager ReloadAssembly
Symbol file LoadedFromMemory doesn't match image /Users/nuno.moreira/Miniclip/hackathon/2023/project-hero/project-hero/project-hero/Library/PackageCache/com.unity.visualscripting@1.7.8/Editor/VisualScripting.Core/Dependencies/YamlDotNet/Unity.VisualScripting.YamlDotNet.dll
Symbol file LoadedFromMemory doesn't match image /Users/nuno.moreira/Miniclip/hackathon/2023/project-hero/project-hero/project-hero/Library/PackageCache/com.unity.visualscripting@1.7.8/Editor/VisualScripting.Core/Dependencies/DotNetZip/Unity.VisualScripting.IonicZip.dll
Native extension for iOS target not found
Native extension for Android target not found
Native extension for OSXStandalone target not found
Refreshing native plugins compatible for Editor in 0.97 ms, found 3 plugins.
Preloading 0 native plugins for Editor in 0.00 ms.
Mono: successfully reloaded assembly
- Completed reload, in  1.598 seconds
Domain Reload Profiling:
	ReloadAssembly (1599ms)
		BeginReloadAssembly (184ms)
			ExecutionOrderSort (0ms)
			DisableScriptedObjects (10ms)
			BackupInstance (0ms)
			ReleaseScriptingObjects (0ms)
			CreateAndSetChildDomain (79ms)
		EndReloadAssembly (1270ms)
			LoadAssemblies (98ms)
			RebuildTransferFunctionScriptingTraits (0ms)
			SetupTypeCache (400ms)
			ReleaseScriptCaches (1ms)
			RebuildScriptCaches (78ms)
			SetupLoadedEditorAssemblies (599ms)
				LogAssemblyErrors (0ms)
				InitializePlatformSupportModulesInManaged (52ms)
				SetLoadedEditorAssemblies (1ms)
				RefreshPlugins (1ms)
				BeforeProcessingInitializeOnLoad (119ms)
				ProcessInitializeOnLoadAttributes (374ms)
				ProcessInitializeOnLoadMethodAttributes (50ms)
				AfterProcessingInitializeOnLoad (2ms)
				EditorAssembliesLoaded (0ms)
			ExecutionOrderSort2 (0ms)
			AwakeInstancesAfterBackupRestoration (6ms)
Platform modules already initialized, skipping
Refreshing native plugins compatible for Editor in 3.72 ms, found 3 plugins.
Preloading 0 native plugins for Editor in 0.00 ms.
Unloading 4481 Unused Serialized files (Serialized files now loaded: 0)
Unloading 37 unused Assets / (50.3 KB). Loaded Objects now: 5014.
Memory consumption went from 306.2 MB to 306.1 MB.
Total: 4.217798 ms (FindLiveObjects: 0.343300 ms CreateObjectMapping: 0.305918 ms MarkObjects: 3.481330 ms  DeleteObjects: 0.086389 ms)

AssetImportParameters requested are different than current active one (requested -> active):
  custom:video-decoder-ogg-theora: a1e56fd34408186e4bbccfd4996cb3dc -> 
  custom:container-muxer-webm: aa71ff27fc2769a1b78a27578f13a17b -> 
  custom:container-demuxer-webm: 4f35f7cbe854078d1ac9338744f61a02 -> 
  custom:video-encoder-webm-vp8: eb34c28f22e8b96e1ab97ce403110664 -> 
  custom:framework-osx-AVFoundation: e770b220cccbd017edd2c1fefb359320 -> 
  custom:audio-encoder-webm-vorbis: bf7c407c2cedff20999df2af8eb42d56 -> 
  custom:container-demuxer-ogg: 62fdf1f143b41e24485cea50d1cbac27 -> 
  custom:video-decoder-webm-vp8: 9c59270c3fd7afecdb556c50c9e8de78 -> 
  custom:audio-decoder-ogg-vorbis: bf7c407c2cedff20999df2af8eb42d56 -> 
